2024-05-15 20:33:31,469 - INFO - Fetching YouTube video information
2024-05-15 20:36:54,505 - INFO - Fetching YouTube video information
2024-05-15 20:42:09,363 - INFO - Fetching YouTube video information
2024-05-15 20:42:44,711 - INFO - Fetching YouTube video information
2024-05-15 20:42:45,084 - INFO - Video title: The Lord of The Rings: The Rings of Power - Official Teaser Trailer | Prime Video
2024-05-15 20:42:45,084 - INFO - Video title: House of the Dragon Season 2 | Official Trailer | Max
2024-05-15 20:42:45,087 - INFO - Video title: New Killer Vecna "The Lich" (Mori, Power, Map, Perks...) | Dead by Daylight PTB
2024-05-15 20:42:45,087 - INFO - Video title: AP World History Livestream REVIEW—Units 7-9 (90 minutes)
2024-05-15 20:42:45,088 - INFO - Video title: Tom Brady on football journey, life after the rings, lessons, being a dad & self growth | The Pivot
2024-05-15 20:43:05,171 - INFO - Fetching YouTube video information
2024-05-15 20:43:05,844 - INFO - Video title: The Lord of The Rings: The Rings of Power - Official Teaser Trailer | Prime Video
2024-05-15 20:43:05,844 - INFO - Video title: House of the Dragon Season 2 | Official Trailer | Max
2024-05-15 20:43:05,844 - INFO - Video title: New Killer Vecna "The Lich" (Mori, Power, Map, Perks...) | Dead by Daylight PTB
2024-05-15 20:43:05,844 - INFO - Video title: AP World History Livestream REVIEW—Units 7-9 (90 minutes)
2024-05-15 20:43:05,844 - INFO - Video title: Tom Brady on football journey, life after the rings, lessons, being a dad & self growth | The Pivot
2024-05-15 20:43:07,350 - INFO - Fetching YouTube video information
2024-05-15 20:43:07,767 - INFO - Video title: The Lord of The Rings: The Rings of Power - Official Teaser Trailer | Prime Video
2024-05-15 20:43:07,769 - INFO - Video title: House of the Dragon Season 2 | Official Trailer | Max
2024-05-15 20:43:07,769 - INFO - Video title: New Killer Vecna "The Lich" (Mori, Power, Map, Perks...) | Dead by Daylight PTB
2024-05-15 20:43:07,769 - INFO - Video title: AP World History Livestream REVIEW—Units 7-9 (90 minutes)
2024-05-15 20:43:07,769 - INFO - Video title: Tom Brady on football journey, life after the rings, lessons, being a dad & self growth | The Pivot
2024-05-15 20:43:08,575 - INFO - Fetching YouTube video information
2024-05-15 20:43:08,914 - INFO - Video title: The Lord of The Rings: The Rings of Power - Official Teaser Trailer | Prime Video
2024-05-15 20:43:08,914 - INFO - Video title: House of the Dragon Season 2 | Official Trailer | Max
2024-05-15 20:43:08,914 - INFO - Video title: New Killer Vecna "The Lich" (Mori, Power, Map, Perks...) | Dead by Daylight PTB
2024-05-15 20:43:08,914 - INFO - Video title: AP World History Livestream REVIEW—Units 7-9 (90 minutes)
2024-05-15 20:43:08,914 - INFO - Video title: Tom Brady on football journey, life after the rings, lessons, being a dad & self growth | The Pivot
2024-05-15 20:43:09,822 - INFO - Fetching YouTube video information
2024-05-15 20:43:10,145 - INFO - Video title: The Lord of The Rings: The Rings of Power - Official Teaser Trailer | Prime Video
2024-05-15 20:43:10,145 - INFO - Video title: House of the Dragon Season 2 | Official Trailer | Max
2024-05-15 20:43:10,145 - INFO - Video title: New Killer Vecna "The Lich" (Mori, Power, Map, Perks...) | Dead by Daylight PTB
2024-05-15 20:43:10,145 - INFO - Video title: AP World History Livestream REVIEW—Units 7-9 (90 minutes)
2024-05-15 20:43:10,145 - INFO - Video title: Tom Brady on football journey, life after the rings, lessons, being a dad & self growth | The Pivot
